<?xml version="1.0" encoding="UTF-8"?>
<!-- Generated by org.testng.reporters.JUnitXMLReporter -->
<testsuite hostname="CIS62" ignored="0" name="TC002" tests="1" failures="1" timestamp="02 Mar 2020 09:23:29 GMT" time="0.015" errors="0">
  <testcase name="test2" time="0.006" classname="com.run.failedTests.TestClass2">
    <failure type="java.lang.AssertionError" message="expected [true] but found [false]">
      <![CDATA[java.lang.AssertionError: expected [true] but found [false]
at com.run.failedTests.TestClass2.test2(TestClass2.java:10)
... Removed 29 stack frames]]>
    </failure>
  </testcase> <!-- test2 -->
</testsuite> <!-- TC002 -->
