<?xml version="1.0" encoding="UTF-8"?>
<testng-results skipped="0" failed="0" ignored="0" total="1" passed="1">
  <reporter-output>
  </reporter-output>
  <suite name="Default suite" duration-ms="3143" started-at="2020-03-12T12:58:34Z" finished-at="2020-03-12T12:58:37Z">
    <groups>
    </groups>
    <test name="Default test" duration-ms="3143" started-at="2020-03-12T12:58:34Z" finished-at="2020-03-12T12:58:37Z">
      <class name="com.run.failedTests.TestClass2">
        <test-method status="PASS" signature="test3()[pri:0, instance:com.run.failedTests.TestClass2@bef2d72]" name="test3" duration-ms="3079" started-at="2020-03-12T12:58:34Z" finished-at="2020-03-12T12:58:37Z">
          <reporter-output>
          </reporter-output>
        </test-method> <!-- test3 -->
      </class> <!-- com.run.failedTests.TestClass2 -->
    </test> <!-- Default test -->
  </suite> <!-- Default suite -->
</testng-results>
